# JRE version: OpenJDK Runtime Environment (8.0_432-b06) (build 1.8.0_432-b06)
# Java VM: OpenJDK 64-Bit Server VM (25.432-b06 mixed mode windows-amd64 compressed oops)
Heap:
 PSYoungGen      total 117248K, used 33094K [0x00000000d6600000, 0x00000000df380000, 0x0000000100000000)
  eden space 111104K, 24% used [0x00000000d6600000,0x00000000d807b4b8,0x00000000dd280000)
  from space 6144K, 97% used [0x00000000ded80000,0x00000000df3565b8,0x00000000df380000)
  to   space 7680K, 0% used [0x00000000de480000,0x00000000de480000,0x00000000dec00000)
 ParOldGen       total 50688K, used 6078K [0x0000000083200000, 0x0000000086380000, 0x00000000d6600000)
  object space 50688K, 11% used [0x0000000083200000,0x00000000837ef860,0x0000000086380000)
 Metaspace       used 25384K, capacity 26288K, committed 26624K, reserved 1073152K
  class space    used 3252K, capacity 3494K, committed 3584K, reserved 1048576K
GC Heap History (10 events):
Event: 4.618 GC heap before
{Heap before GC invocations=3 (full 0):
 PSYoungGen      total 37888K, used 37863K [0x00000000d6600000, 0x00000000d9000000, 0x0000000100000000)
  eden space 32768K, 100% used [0x00000000d6600000,0x00000000d8600000,0x00000000d8600000)
  from space 5120K, 99% used [0x00000000d8b00000,0x00000000d8ff9eb0,0x00000000d9000000)
  to   space 5120K, 0% used [0x00000000d8600000,0x00000000d8600000,0x00000000d8b00000)
 ParOldGen       total 86016K, used 603K [0x0000000083200000, 0x0000000088600000, 0x00000000d6600000)
  object space 86016K, 0% used [0x0000000083200000,0x0000000083296e40,0x0000000088600000)
 Metaspace       used 15338K, capacity 15876K, committed 16000K, reserved 1062912K
  class space    used 1996K, capacity 2115K, committed 2176K, reserved 1048576K
Event: 4.630 GC heap after
Heap after GC invocations=3 (full 0):
 PSYoungGen      total 37888K, used 5114K [0x00000000d6600000, 0x00000000db000000, 0x0000000100000000)
  eden space 32768K, 0% used [0x00000000d6600000,0x00000000d6600000,0x00000000d8600000)
  from space 5120K, 99% used [0x00000000d8600000,0x00000000d8afeab0,0x00000000d8b00000)
  to   space 5120K, 0% used [0x00000000dab00000,0x00000000dab00000,0x00000000db000000)
 ParOldGen       total 86016K, used 1960K [0x0000000083200000, 0x0000000088600000, 0x00000000d6600000)
  object space 86016K, 2% used [0x0000000083200000,0x00000000833ea2b8,0x0000000088600000)
 Metaspace       used 15338K, capacity 15876K, committed 16000K, reserved 1062912K
  class space    used 1996K, capacity 2115K, committed 2176K, reserved 1048576K
}
Event: 5.177 GC heap before
{Heap before GC invocations=4 (full 0):
 PSYoungGen      total 37888K, used 37882K [0x00000000d6600000, 0x00000000db000000, 0x0000000100000000)
  eden space 32768K, 100% used [0x00000000d6600000,0x00000000d8600000,0x00000000d8600000)
  from space 5120K, 99% used [0x00000000d8600000,0x00000000d8afeab0,0x00000000d8b00000)
  to   space 5120K, 0% used [0x00000000dab00000,0x00000000dab00000,0x00000000db000000)
 ParOldGen       total 86016K, used 1960K [0x0000000083200000, 0x0000000088600000, 0x00000000d6600000)
  object space 86016K, 2% used [0x0000000083200000,0x00000000833ea2b8,0x0000000088600000)
 Metaspace       used 18960K, capacity 19552K, committed 19840K, reserved 1067008K
  class space    used 2437K, capacity 2589K, committed 2688K, reserved 1048576K
Event: 5.191 GC heap after
Heap after GC invocations=4 (full 0):
 PSYoungGen      total 70656K, used 5119K [0x00000000d6600000, 0x00000000db000000, 0x0000000100000000)
  eden space 65536K, 0% used [0x00000000d6600000,0x00000000d6600000,0x00000000da600000)
  from space 5120K, 99% used [0x00000000dab00000,0x00000000dafffc28,0x00000000db000000)
  to   space 5120K, 0% used [0x00000000da600000,0x00000000da600000,0x00000000dab00000)
 ParOldGen       total 86016K, used 4493K [0x0000000083200000, 0x0000000088600000, 0x00000000d6600000)
  object space 86016K, 5% used [0x0000000083200000,0x0000000083663578,0x0000000088600000)
 Metaspace       used 18960K, capacity 19552K, committed 19840K, reserved 1067008K
  class space    used 2437K, capacity 2589K, committed 2688K, reserved 1048576K
}
Event: 5.514 GC heap before
{Heap before GC invocations=5 (full 0):
 PSYoungGen      total 70656K, used 22300K [0x00000000d6600000, 0x00000000db000000, 0x0000000100000000)
  eden space 65536K, 26% used [0x00000000d6600000,0x00000000d76c74e0,0x00000000da600000)
  from space 5120K, 99% used [0x00000000dab00000,0x00000000dafffc28,0x00000000db000000)
  to   space 5120K, 0% used [0x00000000da600000,0x00000000da600000,0x00000000dab00000)
 ParOldGen       total 86016K, used 4493K [0x0000000083200000, 0x0000000088600000, 0x00000000d6600000)
  object space 86016K, 5% used [0x0000000083200000,0x0000000083663578,0x0000000088600000)
 Metaspace       used 20548K, capacity 21166K, committed 21248K, reserved 1067008K
  class space    used 2657K, capacity 2812K, committed 2816K, reserved 1048576K
Event: 5.533 GC heap after
Heap after GC invocations=5 (full 0):
 PSYoungGen      total 70656K, used 5117K [0x00000000d6600000, 0x00000000df500000, 0x0000000100000000)
  eden space 65536K, 0% used [0x00000000d6600000,0x00000000d6600000,0x00000000da600000)
  from space 5120K, 99% used [0x00000000da600000,0x00000000daaff480,0x00000000dab00000)
  to   space 7680K, 0% used [0x00000000ded80000,0x00000000ded80000,0x00000000df500000)
 ParOldGen       total 86016K, used 5579K [0x0000000083200000, 0x0000000088600000, 0x00000000d6600000)
  object space 86016K, 6% used [0x0000000083200000,0x0000000083772f68,0x0000000088600000)
 Metaspace       used 20548K, capacity 21166K, committed 21248K, reserved 1067008K
  class space    used 2657K, capacity 2812K, committed 2816K, reserved 1048576K
}
Event: 5.533 GC heap before
{Heap before GC invocations=6 (full 1):
 PSYoungGen      total 70656K, used 5117K [0x00000000d6600000, 0x00000000df500000, 0x0000000100000000)
  eden space 65536K, 0% used [0x00000000d6600000,0x00000000d6600000,0x00000000da600000)
  from space 5120K, 99% used [0x00000000da600000,0x00000000daaff480,0x00000000dab00000)
  to   space 7680K, 0% used [0x00000000ded80000,0x00000000ded80000,0x00000000df500000)
 ParOldGen       total 86016K, used 5579K [0x0000000083200000, 0x0000000088600000, 0x00000000d6600000)
  object space 86016K, 6% used [0x0000000083200000,0x0000000083772f68,0x0000000088600000)
 Metaspace       used 20548K, capacity 21166K, committed 21248K, reserved 1067008K
  class space    used 2657K, capacity 2812K, committed 2816K, reserved 1048576K
Event: 5.587 GC heap after
Heap after GC invocations=6 (full 1):
 PSYoungGen      total 70656K, used 0K [0x00000000d6600000, 0x00000000df500000, 0x0000000100000000)
  eden space 65536K, 0% used [0x00000000d6600000,0x00000000d6600000,0x00000000da600000)
  from space 5120K, 0% used [0x00000000da600000,0x00000000da600000,0x00000000dab00000)
  to   space 7680K, 0% used [0x00000000ded80000,0x00000000ded80000,0x00000000df500000)
 ParOldGen       total 50688K, used 6006K [0x0000000083200000, 0x0000000086380000, 0x00000000d6600000)
  object space 50688K, 11% used [0x0000000083200000,0x00000000837dd850,0x0000000086380000)
 Metaspace       used 20548K, capacity 21166K, committed 21248K, reserved 1067008K
  class space    used 2657K, capacity 2812K, committed 2816K, reserved 1048576K
}
Event: 7.649 GC heap before
{Heap before GC invocations=7 (full 1):
 PSYoungGen      total 70656K, used 65536K [0x00000000d6600000, 0x00000000df500000, 0x0000000100000000)
  eden space 65536K, 100% used [0x00000000d6600000,0x00000000da600000,0x00000000da600000)
  from space 5120K, 0% used [0x00000000da600000,0x00000000da600000,0x00000000dab00000)
  to   space 7680K, 0% used [0x00000000ded80000,0x00000000ded80000,0x00000000df500000)
 ParOldGen       total 50688K, used 6006K [0x0000000083200000, 0x0000000086380000, 0x00000000d6600000)
  object space 50688K, 11% used [0x0000000083200000,0x00000000837dd850,0x0000000086380000)
 Metaspace       used 24775K, capacity 25650K, committed 25984K, reserved 1071104K
  class space    used 3154K, capacity 3361K, committed 3456K, reserved 1048576K
Event: 7.669 GC heap after
Heap after GC invocations=7 (full 1):
 PSYoungGen      total 117248K, used 5977K [0x00000000d6600000, 0x00000000df380000, 0x0000000100000000)
  eden space 111104K, 0% used [0x00000000d6600000,0x00000000d6600000,0x00000000dd280000)
  from space 6144K, 97% used [0x00000000ded80000,0x00000000df3565b8,0x00000000df380000)
  to   space 7680K, 0% used [0x00000000de480000,0x00000000de480000,0x00000000dec00000)
 ParOldGen       total 50688K, used 6078K [0x0000000083200000, 0x0000000086380000, 0x00000000d6600000)
  object space 50688K, 11% used [0x0000000083200000,0x00000000837ef860,0x0000000086380000)
 Metaspace       used 24775K, capacity 25650K, committed 25984K, reserved 1071104K
  class space    used 3154K, capacity 3361K, committed 3456K, reserved 1048576K
}

